0:0:0:0:0:0:0:1 - - [29/May/2016:16:38:27 +0800] "GET /api/user HTTP/1.1" 401 344
0:0:0:0:0:0:0:1 - - [29/May/2016:16:38:30 +0800] "GET /api/user HTTP/1.1" 401 304
0:0:0:0:0:0:0:1 - - [29/May/2016:16:38:45 +0800] "GET /api/users HTTP/1.1" 401 344
0:0:0:0:0:0:0:1 - - [29/May/2016:16:39:00 +0800] "GET /api/users HTTP/1.1" 401 304
0:0:0:0:0:0:0:1 - - [29/May/2016:16:39:27 +0800] "GET /api/users HTTP/1.1" 401 304
0:0:0:0:0:0:0:1 - - [29/May/2016:16:54:04 +0800] "GET /api/users HTTP/1.1" 200 467
0:0:0:0:0:0:0:1 - - [29/May/2016:16:54:16 +0800] "GET /api/users HTTP/1.1" 200 467
0:0:0:0:0:0:0:1 - - [29/May/2016:16:54:19 +0800] "GET /api/users HTTP/1.1" 200 467
0:0:0:0:0:0:0:1 - - [29/May/2016:16:54:20 +0800] "GET /api/users HTTP/1.1" 200 467
0:0:0:0:0:0:0:1 - - [29/May/2016:16:54:34 +0800] "GET /api/user HTTP/1.1" 404 306
0:0:0:0:0:0:0:1 - - [29/May/2016:16:54:38 +0800] "GET /api HTTP/1.1" 302 -
0:0:0:0:0:0:0:1 - - [29/May/2016:16:54:38 +0800] "GET /api/ HTTP/1.1" 404 306
0:0:0:0:0:0:0:1 - - [29/May/2016:16:54:55 +0800] "GET /api/users HTTP/1.1" 200 467
0:0:0:0:0:0:0:1 - - [29/May/2016:16:55:10 +0800] "GET /api/users HTTP/1.1" 200 467
0:0:0:0:0:0:0:1 - - [29/May/2016:17:25:49 +0800] "GET /api/users HTTP/1.1" 401 344
0:0:0:0:0:0:0:1 - - [29/May/2016:17:25:54 +0800] "GET /api/users HTTP/1.1" 401 304
0:0:0:0:0:0:0:1 - - [29/May/2016:17:26:00 +0800] "GET /api/users HTTP/1.1" 200 467
0:0:0:0:0:0:0:1 - - [29/May/2016:17:30:16 +0800] "GET /api/users HTTP/1.1" 200 467
0:0:0:0:0:0:0:1 - - [29/May/2016:17:30:34 +0800] "GET /api/users HTTP/1.1" 401 344
0:0:0:0:0:0:0:1 - - [29/May/2016:17:30:47 +0800] "GET /api/users HTTP/1.1" 403 301
0:0:0:0:0:0:0:1 - - [29/May/2016:17:31:00 +0800] "GET /api/users/2 HTTP/1.1" 500 509
0:0:0:0:0:0:0:1 - - [29/May/2016:17:31:10 +0800] "GET /api/users/1 HTTP/1.1" 500 509
0:0:0:0:0:0:0:1 - - [29/May/2016:17:31:15 +0800] "GET /api/users HTTP/1.1" 403 301
0:0:0:0:0:0:0:1 - - [29/May/2016:17:31:22 +0800] "GET /api/users HTTP/1.1" 403 301
0:0:0:0:0:0:0:1 - - [29/May/2016:17:36:19 +0800] "GET /api/users HTTP/1.1" 403 301
0:0:0:0:0:0:0:1 - - [29/May/2016:17:36:22 +0800] "GET /api/users HTTP/1.1" 403 301
0:0:0:0:0:0:0:1 - - [29/May/2016:17:36:28 +0800] "GET /api/users HTTP/1.1" 200 467
0:0:0:0:0:0:0:1 - - [29/May/2016:17:36:34 +0800] "GET /api/ HTTP/1.1" 404 306
0:0:0:0:0:0:0:1 - - [29/May/2016:17:36:44 +0800] "GET /api/users/2 HTTP/1.1" 500 509
0:0:0:0:0:0:0:1 - - [29/May/2016:17:38:34 +0800] "GET /api/users/2 HTTP/1.1" 200 234
0:0:0:0:0:0:0:1 - - [29/May/2016:17:38:48 +0800] "GET /api/users HTTP/1.1" 403 301
0:0:0:0:0:0:0:1 - - [29/May/2016:17:38:53 +0800] "GET /api/users/1 HTTP/1.1" 200 240
0:0:0:0:0:0:0:1 - - [29/May/2016:17:39:00 +0800] "GET /api/users/2 HTTP/1.1" 200 234
0:0:0:0:0:0:0:1 - - [29/May/2016:17:39:13 +0800] "GET /api/users/1 HTTP/1.1" 200 240
0:0:0:0:0:0:0:1 - - [29/May/2016:17:39:43 +0800] "GET /api/ HTTP/1.1" 404 306
0:0:0:0:0:0:0:1 - - [29/May/2016:17:39:48 +0800] "GET /api/users HTTP/1.1" 200 467
0:0:0:0:0:0:0:1 - - [29/May/2016:17:40:58 +0800] "GET /api/users HTTP/1.1" 200 467
0:0:0:0:0:0:0:1 - - [29/May/2016:17:41:47 +0800] "GET /api/users HTTP/1.1" 401 344
0:0:0:0:0:0:0:1 - - [29/May/2016:17:41:59 +0800] "GET /api/users HTTP/1.1" 401 304
0:0:0:0:0:0:0:1 - - [29/May/2016:17:42:07 +0800] "GET /api/users HTTP/1.1" 403 301
0:0:0:0:0:0:0:1 - - [29/May/2016:17:42:15 +0800] "GET /api/2 HTTP/1.1" 404 306
0:0:0:0:0:0:0:1 - - [29/May/2016:17:42:20 +0800] "GET /api/2 HTTP/1.1" 404 306
0:0:0:0:0:0:0:1 - - [29/May/2016:17:42:40 +0800] "GET /api/2 HTTP/1.1" 404 306
0:0:0:0:0:0:0:1 - - [29/May/2016:17:42:44 +0800] "GET /api/2 HTTP/1.1" 404 306
0:0:0:0:0:0:0:1 - - [29/May/2016:17:42:52 +0800] "GET /api/ HTTP/1.1" 404 306
0:0:0:0:0:0:0:1 - - [29/May/2016:17:42:58 +0800] "GET /api/1 HTTP/1.1" 404 306
0:0:0:0:0:0:0:1 - - [29/May/2016:17:43:19 +0800] "GET /api/2 HTTP/1.1" 404 306
0:0:0:0:0:0:0:1 - - [29/May/2016:17:43:42 +0800] "GET /api/users HTTP/1.1" 403 301
0:0:0:0:0:0:0:1 - - [29/May/2016:17:45:01 +0800] "GET /api/users HTTP/1.1" 403 301
0:0:0:0:0:0:0:1 - - [29/May/2016:17:45:04 +0800] "GET /api/users HTTP/1.1" 403 301
0:0:0:0:0:0:0:1 - - [29/May/2016:17:45:05 +0800] "GET /api/users HTTP/1.1" 403 301
0:0:0:0:0:0:0:1 - - [29/May/2016:17:45:16 +0800] "GET /api/users HTTP/1.1" 403 301
0:0:0:0:0:0:0:1 - - [29/May/2016:17:50:46 +0800] "GET /api/users HTTP/1.1" 403 301
0:0:0:0:0:0:0:1 - - [29/May/2016:17:50:57 +0800] "GET /api/1 HTTP/1.1" 404 306
0:0:0:0:0:0:0:1 - - [29/May/2016:17:51:08 +0800] "GET /api/1 HTTP/1.1" 404 306
0:0:0:0:0:0:0:1 - - [29/May/2016:17:51:09 +0800] "GET /api/1 HTTP/1.1" 404 306
0:0:0:0:0:0:0:1 - - [29/May/2016:17:51:10 +0800] "GET /api/1 HTTP/1.1" 404 306
0:0:0:0:0:0:0:1 - - [29/May/2016:17:51:10 +0800] "GET /api/1 HTTP/1.1" 404 306
0:0:0:0:0:0:0:1 - - [29/May/2016:17:51:10 +0800] "GET /api/1 HTTP/1.1" 404 306
0:0:0:0:0:0:0:1 - - [29/May/2016:17:51:29 +0800] "GET /api/1 HTTP/1.1" 404 306
0:0:0:0:0:0:0:1 - - [29/May/2016:17:51:36 +0800] "GET /api/users HTTP/1.1" 401 344
0:0:0:0:0:0:0:1 - - [29/May/2016:17:52:40 +0800] "GET /api/users HTTP/1.1" 200 467
0:0:0:0:0:0:0:1 - - [29/May/2016:17:52:49 +0800] "GET /api/1 HTTP/1.1" 404 306
0:0:0:0:0:0:0:1 - - [29/May/2016:17:52:53 +0800] "GET /api/users HTTP/1.1" 403 301
